<?xml version="1.0" encoding="UTF-8"?>
<!-- Generated by org.testng.reporters.JUnitXMLReporter -->
<testsuite ignored="0" hostname="DESKTOP-FFALLFF" failures="1" tests="2" name="Test" time="1.978" errors="0" timestamp="2025-09-24T13:10:42 IST">
  <testcase classname="organization.TC_Vtiger_002" name="fetchAllDataFromExcelUseingUserDefineMethod" time="1.855"/>
  <testcase classname="organization.TC_Vtiger_001Test" name="loginToVtigerapplicationTest" time="0.006">
    <failure type="java.lang.NullPointerException" message="Cannot invoke &amp;quot;String.equals(Object)&amp;quot; because &amp;quot;browser&amp;quot; is null">
      <![CDATA[java.lang.NullPointerException: Cannot invoke "String.equals(Object)" because "browser" is null
at organization.TC_Vtiger_001Test.loginToVtigerapplicationTest(TC_Vtiger_001Test.java:24)
at java.base/java.util.ArrayList.forEach(ArrayList.java:1596)
... Removed 25 stack frames]]>
    </failure>
  </testcase> <!-- loginToVtigerapplicationTest -->
</testsuite> <!-- Test -->
