<?xml version="1.0" encoding="UTF-8"?>
<testng-results ignored="0" total="2" passed="1" failed="1" skipped="0">
  <reporter-output>
  </reporter-output>
  <suite started-at="2025-09-24T13:10:40 IST" name="Suite" finished-at="2025-09-24T13:10:42 IST" duration-ms="1978">
    <groups>
    </groups>
    <test started-at="2025-09-24T13:10:40 IST" name="Test" finished-at="2025-09-24T13:10:42 IST" duration-ms="1978">
      <class name="organization.TC_Vtiger_002">
        <test-method signature="fetchAllDataFromExcelUseingUserDefineMethod()[pri:0, instance:organization.TC_Vtiger_002@1ed4ae0f]" started-at="2025-09-24T13:10:40 IST" name="fetchAllDataFromExcelUseingUserDefineMethod" finished-at="2025-09-24T13:10:42 IST" duration-ms="1855" status="PASS">
          <reporter-output>
          </reporter-output>
        </test-method> <!-- fetchAllDataFromExcelUseingUserDefineMethod -->
      </class> <!-- organization.TC_Vtiger_002 -->
      <class name="organization.TC_Vtiger_001Test">
        <test-method signature="loginToVtigerapplicationTest()[pri:0, instance:organization.TC_Vtiger_001Test@25ce9dc4]" started-at="2025-09-24T13:10:42 IST" name="loginToVtigerapplicationTest" finished-at="2025-09-24T13:10:42 IST" duration-ms="6" status="FAIL">
          <exception class="java.lang.NullPointerException">
            <message>
              <![CDATA[Cannot invoke "String.equals(Object)" because "browser" is null]]>
            </message>
            <full-stacktrace>
              <![CDATA[java.lang.NullPointerException: Cannot invoke "String.equals(Object)" because "browser" is null
at organization.TC_Vtiger_001Test.loginToVtigerapplicationTest(TC_Vtiger_001Test.java:24)
at java.base/jdk.internal.reflect.DirectMethodHandleAccessor.invoke(DirectMethodHandleAccessor.java:103)
at java.base/java.lang.reflect.Method.invoke(Method.java:580)
at org.testng.internal.invokers.MethodInvocationHelper.invokeMethod(MethodInvocationHelper.java:141)
at org.testng.internal.invokers.TestInvoker.invokeMethod(TestInvoker.java:686)
at org.testng.internal.invokers.TestInvoker.invokeTestMethod(TestInvoker.java:230)
at org.testng.internal.invokers.MethodRunner.runInSequence(MethodRunner.java:63)
at org.testng.internal.invokers.TestInvoker$MethodInvocationAgent.invoke(TestInvoker.java:992)
at org.testng.internal.invokers.TestInvoker.invokeTestMethods(TestInvoker.java:203)
at org.testng.internal.invokers.TestMethodWorker.invokeTestMethods(TestMethodWorker.java:154)
at org.testng.internal.invokers.TestMethodWorker.run(TestMethodWorker.java:134)
at java.base/java.util.ArrayList.forEach(ArrayList.java:1596)
at org.testng.TestRunner.privateRun(TestRunner.java:739)
at org.testng.TestRunner.run(TestRunner.java:614)
at org.testng.SuiteRunner.runTest(SuiteRunner.java:421)
at org.testng.SuiteRunner.runSequentially(SuiteRunner.java:413)
at org.testng.SuiteRunner.privateRun(SuiteRunner.java:373)
at org.testng.SuiteRunner.run(SuiteRunner.java:312)
at org.testng.SuiteRunnerWorker.runSuite(SuiteRunnerWorker.java:52)
at org.testng.SuiteRunnerWorker.run(SuiteRunnerWorker.java:95)
at org.testng.TestNG.runSuitesSequentially(TestNG.java:1274)
at org.testng.TestNG.runSuitesLocally(TestNG.java:1208)
at org.testng.TestNG.runSuites(TestNG.java:1112)
at org.testng.TestNG.run(TestNG.java:1079)
at org.testng.remote.AbstractRemoteTestNG.run(AbstractRemoteTestNG.java:115)
at org.testng.remote.RemoteTestNG.initAndRun(RemoteTestNG.java:293)
at org.testng.remote.RemoteTestNG.main(RemoteTestNG.java:91)
]]>
            </full-stacktrace>
          </exception> <!-- java.lang.NullPointerException -->
          <reporter-output>
          </reporter-output>
        </test-method> <!-- loginToVtigerapplicationTest -->
      </class> <!-- organization.TC_Vtiger_001Test -->
    </test> <!-- Test -->
  </suite> <!-- Suite -->
</testng-results>
